[debug] [2023-06-19T05:54:10.371Z] ----------------------------------------------------------------------
[debug] [2023-06-19T05:54:10.372Z] Command:       C:\Program Files\nodejs\node.exe C:\Users\Omprakash.Gupta\AppData\Roaming\npm\node_modules\firebase-tools\lib\bin\firebase.js init
[debug] [2023-06-19T05:54:10.373Z] CLI Version:   12.4.0
[debug] [2023-06-19T05:54:10.373Z] Platform:      win32
[debug] [2023-06-19T05:54:10.373Z] Node Version:  v16.17.0
[debug] [2023-06-19T05:54:10.374Z] Time:          Mon Jun 19 2023 11:24:10 GMT+0530 (India Standard Time)
[debug] [2023-06-19T05:54:10.374Z] ----------------------------------------------------------------------
[debug] 
[debug] [2023-06-19T05:54:10.377Z] >>> [apiv2][query] GET https://firebase-public.firebaseio.com/cli.json [none]
[debug] [2023-06-19T05:54:10.397Z] > command requires scopes: ["email","openid","https://www.googleapis.com/auth/cloudplatformprojects.readonly","https://www.googleapis.com/auth/firebase","https://www.googleapis.com/auth/cloud-platform"]
[debug] [2023-06-19T05:54:10.397Z] > authorizing via signed-in user (om.gupta@teknopoint.in)
[info] 
     ######## #### ########  ######## ########     ###     ######  ########
     ##        ##  ##     ## ##       ##     ##  ##   ##  ##       ##
     ######    ##  ########  ######   ########  #########  ######  ######
     ##        ##  ##    ##  ##       ##     ## ##     ##       ## ##
     ##       #### ##     ## ######## ########  ##     ##  ######  ########

You're about to initialize a Firebase project in this directory:

  D:\Om\Teknopoint Task\Dyanamic Page\Stage 5 - Regisration Form - Node and Mongo DB\Registration Form

[warn] !  Unable to fetch the CLI MOTD and remote config. 
[debug] [2023-06-19T05:54:10.838Z] Failed to fetch MOTD FirebaseError: Failed to make request to https://firebase-public.firebaseio.com/cli.json
[info] 
=== Project Setup
[info] 
[info] First, let's associate this project directory with a Firebase project.
[info] You can create multiple project aliases by running firebase use --add, 
[info] but for now we'll just set up a default project.
[info] 
[debug] [2023-06-19T05:54:55.432Z] > refreshing access token with scopes: []
[debug] [2023-06-19T05:54:55.433Z] >>> [apiv2][query] POST https://www.googleapis.com/oauth2/v3/token [none]
[debug] [2023-06-19T05:54:55.433Z] >>> [apiv2][body] POST https://www.googleapis.com/oauth2/v3/token [omitted]
[debug] [2023-06-19T05:54:55.575Z] Authentication Error: Your credentials are no longer valid. Please run firebase login --reauth

For CI servers and headless environments, generate a new token with firebase login:ci
[debug] [2023-06-19T05:54:55.577Z] FirebaseError: Authentication Error: Your credentials are no longer valid. Please run firebase login --reauth

For CI servers and headless environments, generate a new token with firebase login:ci
    at invalidCredentialError (C:\Users\Omprakash.Gupta\AppData\Roaming\npm\node_modules\firebase-tools\lib\auth.js:144:12)
    at refreshTokens (C:\Users\Omprakash.Gupta\AppData\Roaming\npm\node_modules\firebase-tools\lib\auth.js:508:15)
    at processTicksAndRejections (node:internal/process/task_queues:96:5)
    at async Client.getAccessToken (C:\Users\Omprakash.Gupta\AppData\Roaming\npm\node_modules\firebase-tools\lib\apiv2.js:149:23)
    at async Client.addAuthHeader (C:\Users\Omprakash.Gupta\AppData\Roaming\npm\node_modules\firebase-tools\lib\apiv2.js:140:21)
    at async Client.request (C:\Users\Omprakash.Gupta\AppData\Roaming\npm\node_modules\firebase-tools\lib\apiv2.js:96:34)
    at async getProjectPage (C:\Users\Omprakash.Gupta\AppData\Roaming\npm\node_modules\firebase-tools\lib\management\projects.js:238:17)
    at async getFirebaseProjectPage (C:\Users\Omprakash.Gupta\AppData\Roaming\npm\node_modules\firebase-tools\lib\management\projects.js:255:23)
    at async selectProjectInteractively (C:\Users\Omprakash.Gupta\AppData\Roaming\npm\node_modules\firebase-tools\lib\management\projects.js:94:41)
    at async doSetup (C:\Users\Omprakash.Gupta\AppData\Roaming\npm\node_modules\firebase-tools\lib\init\features\project.js:88:27)
[error] 
[error] Error: Failed to list Firebase projects. See firebase-debug.log for more info.
